<?xml version="1.0" encoding="UTF-8"?>
<testng-results ignored="0" total="1" passed="1" failed="0" skipped="0">
  <reporter-output>
  </reporter-output>
  <suite started-at="2023-10-28T11:53:45 IST" name="Default suite" finished-at="2023-10-28T11:54:42 IST" duration-ms="57478">
    <groups>
    </groups>
    <test started-at="2023-10-28T11:53:45 IST" name="Default test" finished-at="2023-10-28T11:54:42 IST" duration-ms="57478">
      <class name="com.tutorialsninja.qa.testcases.SearchTest">
        <test-method is-config="true" signature="setUp()[pri:0, instance:com.tutorialsninja.qa.testcases.SearchTest@55a147cc]" started-at="2023-10-28T11:53:45 IST" name="setUp" finished-at="2023-10-28T11:54:39 IST" duration-ms="53819" status="PASS">
          <reporter-output>
          </reporter-output>
        </test-method> <!-- setUp -->
        <test-method signature="verifySearchWithoutAnyProduct()[pri:3, instance:com.tutorialsninja.qa.testcases.SearchTest@55a147cc]" started-at="2023-10-28T11:54:39 IST" name="verifySearchWithoutAnyProduct" finished-at="2023-10-28T11:54:40 IST" duration-ms="1611" status="PASS">
          <reporter-output>
          </reporter-output>
        </test-method> <!-- verifySearchWithoutAnyProduct -->
        <test-method is-config="true" signature="tearDown()[pri:0, instance:com.tutorialsninja.qa.testcases.SearchTest@55a147cc]" started-at="2023-10-28T11:54:40 IST" name="tearDown" finished-at="2023-10-28T11:54:42 IST" duration-ms="1963" status="PASS">
          <reporter-output>
          </reporter-output>
        </test-method> <!-- tearDown -->
      </class> <!-- com.tutorialsninja.qa.testcases.SearchTest -->
    </test> <!-- Default test -->
  </suite> <!-- Default suite -->
</testng-results>
